<?xml version="1.0" encoding="UTF-8"?>
<!-- Generated by org.testng.reporters.JUnitXMLReporter -->
<testsuite hostname="admin-PC" ignored="2" name="Suite Test" tests="1" failures="0" timestamp="19 Jul 2017 13:22:03 GMT" time="0.213" errors="0">
  <testcase name="FirstTest" time="0.044" classname="com.testng.ex.Parameterization"/>
  <testcase name="ThirdTest" time="0.0" classname="com.testng.ex.Parameterization">
    <ignored/>
  </testcase> <!-- ThirdTest -->
  <testcase name="SecondTest" time="0.0" classname="com.testng.ex.Parameterization">
    <ignored/>
  </testcase> <!-- SecondTest -->
</testsuite> <!-- Suite Test -->
