<?xml version="1.0" encoding="UTF-8"?>
<!-- Generated by org.testng.reporters.JUnitXMLReporter -->
<testsuite hostname="admin-PC" ignored="0" name="Test" tests="1" failures="1" timestamp="05 May 2019 08:02:06 GMT" time="47.618" errors="0">
  <testcase name="captureScreenShot" time="47.582" classname="ScreenShot.CaptureScreenShotTest">
    <failure type="org.openqa.selenium.WebDriverException" message="Failed to connect to binary FirefoxBinary(C:\Program Files\Mozilla Firefox\firefox.exe) on port 7055; process output follows: 
,&amp;quot;strictCompatibility&amp;quot;:true,&amp;quot;locales&amp;quot;:[],&amp;quot;targetApplications&amp;quot;:[{&amp;quot;id&amp;quot;:&amp;quot;toolkit@mozilla.org&amp;quot;,&amp;quot;minVersion&amp;quot;:null,&amp;quot;maxVersion&amp;quot;:null}],&amp;quot;targetPlatforms&amp;quot;:[],&amp;quot;seen&amp;quot;:true,&amp;quot;dependencies&amp;quot;:[],&amp;quot;userPermissions&amp;quot;:{&amp;quot;permissions&amp;quot;:[&amp;quot;tabs&amp;quot;],&amp;quot;origins&amp;quot;:[&amp;quot;&amp;lt;all_urls&amp;gt;&amp;quot;]},&amp;quot;icons&amp;quot;:{&amp;quot;16&amp;quot;:&amp;quot;icons/lightbulb.svg&amp;quot;,&amp;quot;32&amp;quot;:&amp;quot;icons/lightbulb.svg&amp;quot;,&amp;quot;48&amp;quot;:&amp;quot;icons/lightbulb.svg&amp;quot;,&amp;quot;96&amp;quot;:&amp;quot;icons/lightbulb.svg&amp;quot;,&amp;quot;128&amp;quot;:&amp;quot;icons/lightbulb.svg&amp;quot;},&amp;quot;iconURL&amp;quot;:null,&amp;quot;blocklistState&amp;quot;:0,&amp;quot;blocklistURL&amp;quot;:null,&amp;quot;startupData&amp;quot;:null,&amp;quot;hidden&amp;quot;:true,&amp;quot;installTelemetryInfo&amp;quot;:null,&amp;quot;location&amp;quot;:&amp;quot;app-system-defaults&amp;quot;}
1557043282197	addons.xpi	DEBUG	Updating XPIState for {&amp;quot;id&amp;quot;:&amp;quot;webcompat@mozilla.org&amp;quot;,&amp;quot;syncGUID&amp;quot;:&amp;quot;{b1cb6de8-a5ff-4dd6-9c83-4fad64a96f4f}&amp;quot;,&amp;quot;version&amp;quot;:&amp;quot;3.0.2&amp;quot;,&amp;quot;type&amp;quot;:&amp;quot;extension&amp;quot;,&amp;quot;loader&amp;quot;:null,&amp;quot;updateURL&amp;quot;:null,&amp;quot;optionsURL&amp;quot;:null,&amp;quot;optionsType&amp;quot;:null,&amp;quot;optionsBrowserStyle&amp;quot;:true,&amp;quot;aboutURL&amp;quot;:null,&amp;quot;defaultLocale&amp;quot;:{&amp;quot;name&amp;quot;:&amp;quot;Web Compat&amp;quot;,&amp;quot;description&amp;quot;:&amp;quot;Urgent post-release fixes for web compatibility.&amp;quot;,&amp;quot;creator&amp;quot;:null,&amp;quot;developers&amp;quot;:null,&amp;quot;translators&amp;quot;:null,&amp;quot;contributors&amp;quot;:null},&amp;quot;visible&amp;quot;:true,&amp;quot;active&amp;quot;:true,&amp;quot;userDisabled&amp;quot;:false,&amp;quot;appDisabled&amp;quot;:false,&amp;quot;installDate&amp;quot;:1553933353554,&amp;quot;updateDate&amp;quot;:1553933353554,&amp;quot;applyBackgroundUpdates&amp;quot;:1,&amp;quot;path&amp;quot;:&amp;quot;C:\\Program Files\\Mozilla Firefox\\browser\\features\\webcompat@mozilla.org.xpi&amp;quot;,&amp;quot;skinnable&amp;quot;:false,&amp;quot;sourceURI&amp;quot;:null,&amp;quot;releaseNotesURI&amp;quot;:null,&amp;quot;softDisabled&amp;quot;:false,&amp;quot;foreignInstall&amp;quot;:false,&amp;quot;strictCompatibility&amp;quot;:true,&amp;quot;locales&amp;quot;:[],&amp;quot;targetApplications&amp;quot;:[{&amp;quot;id&amp;quot;:&amp;quot;toolkit@mozilla.org&amp;quot;,&amp;quot;minVersion&amp;quot;:&amp;quot;59.0b5&amp;quot;,&amp;quot;maxVersion&amp;quot;:null}],&amp;quot;targetPlatforms&amp;quot;:[],&amp;quot;seen&amp;quot;:true,&amp;quot;dependencies&amp;quot;:[],&amp;quot;userPermissions&amp;quot;:{&amp;quot;permissions&amp;quot;:[&amp;quot;webRequest&amp;quot;,&amp;quot;webRequestBlocking&amp;quot;],&amp;quot;origins&amp;quot;:[&amp;quot;&amp;lt;all_urls&amp;gt;&amp;quot;]},&amp;quot;icons&amp;quot;:{},&amp;quot;iconURL&amp;quot;:null,&amp;quot;blocklistState&amp;quot;:0,&amp;quot;blocklistURL&amp;quot;:null,&amp;quot;startupData&amp;quot;:null,&amp;quot;hidden&amp;quot;:true,&amp;quot;installTelemetryInfo&amp;quot;:null,&amp;quot;location&amp;quot;:&amp;quot;app-system-defaults&amp;quot;}
1557043282198	addons.xpi-utils	DEBUG	Updating add-on states
1557043282200	addons.xpi	DEBUG	Calling bootstrap method startup on formautofill@mozilla.org version 1.0
1557043282202	addons.xpi	DEBUG	Calling bootstrap method startup on screenshots@mozilla.org version 35.0.0
1557043282203	addons.xpi	DEBUG	Calling bootstrap method startup on webcompat@mozilla.org version 3.0.2
1557043282205	addons.manager	DEBUG	Registering shutdown blocker for XPIProvider
1557043282205	addons.manager	DEBUG	Provider finished startup: XPIProvider
1557043282205	addons.manager	DEBUG	Starting provider: LightweightThemeManager
1557043282205	addons.manager	DEBUG	Registering shutdown blocker for LightweightThemeManager
1557043282206	addons.manager	DEBUG	Provider finished startup: LightweightThemeManager
1557043282206	addons.manager	DEBUG	Starting provider: GMPProvider
1557043282210	addons.manager	DEBUG	Registering shutdown blocker for GMPProvider
1557043282210	addons.manager	DEBUG	Provider finished startup: GMPProvider
1557043282210	addons.manager	DEBUG	Starting provider: PluginProvider
1557043282210	addons.manager	DEBUG	Registering shutdown blocker for PluginProvider
1557043282210	addons.manager	DEBUG	Provider finished startup: PluginProvider
1557043282215	addons.manager	DEBUG	Completed startup sequence
1557043282638	addons.xpi-utils	DEBUG	XPI Database saved, setting schema version preference to 28
1557043282899	addons.repository	DEBUG	No addons.json found.
1557043283547	addons.manager	DEBUG	Registering upgrade listener for formautofill@mozilla.org
1557043283617	addons.xpi	DEBUG	Ignoring file: name is not a valid add-on ID: C:\Users\admin\AppData\Local\Temp\anonymous2831168223817640681webdriver-profile\extensions\webdriver-staging
1557043283617	addons.xpi	DEBUG	Existing add-on formautofill@mozilla.org in app-system-defaults
1557043283618	addons.xpi	DEBUG	Existing add-on screenshots@mozilla.org in app-system-defaults
1557043283618	addons.xpi	DEBUG	Existing add-on webcompat-reporter@mozilla.org in app-system-defaults
1557043283618	addons.xpi	DEBUG	Existing add-on webcompat@mozilla.org in app-system-defaults
1557043283619	addons.xpi	DEBUG	scanForChanges changed: false, state: {}
JavaScript error: resource://gre/modules/addons/XPIProvider.jsm, line 2614: TypeError: addon is null

Build info: version: &amp;apos;2.53.0&amp;apos;, revision: &amp;apos;35ae25b&amp;apos;, time: &amp;apos;2016-03-15 16:57:40&amp;apos;
System info: host: &amp;apos;admin-PC&amp;apos;, ip: &amp;apos;169.254.203.218&amp;apos;, os.name: &amp;apos;Windows 7&amp;apos;, os.arch: &amp;apos;amd64&amp;apos;, os.version: &amp;apos;6.1&amp;apos;, java.version: &amp;apos;1.8.0_121&amp;apos;
Driver info: driver.version: FirefoxDriver">
      <![CDATA[org.openqa.selenium.WebDriverException: Failed to connect to binary FirefoxBinary(C:\Program Files\Mozilla Firefox\firefox.exe) on port 7055; process output follows: 
,"strictCompatibility":true,"locales":[],"targetApplications":[{"id":"toolkit@mozilla.org","minVersion":null,"maxVersion":null}],"targetPlatforms":[],"seen":true,"dependencies":[],"userPermissions":{"permissions":["tabs"],"origins":["<all_urls>"]},"icons":{"16":"icons/lightbulb.svg","32":"icons/lightbulb.svg","48":"icons/lightbulb.svg","96":"icons/lightbulb.svg","128":"icons/lightbulb.svg"},"iconURL":null,"blocklistState":0,"blocklistURL":null,"startupData":null,"hidden":true,"installTelemetryInfo":null,"location":"app-system-defaults"}
1557043282197	addons.xpi	DEBUG	Updating XPIState for {"id":"webcompat@mozilla.org","syncGUID":"{b1cb6de8-a5ff-4dd6-9c83-4fad64a96f4f}","version":"3.0.2","type":"extension","loader":null,"updateURL":null,"optionsURL":null,"optionsType":null,"optionsBrowserStyle":true,"aboutURL":null,"defaultLocale":{"name":"Web Compat","description":"Urgent post-release fixes for web compatibility.","creator":null,"developers":null,"translators":null,"contributors":null},"visible":true,"active":true,"userDisabled":false,"appDisabled":false,"installDate":1553933353554,"updateDate":1553933353554,"applyBackgroundUpdates":1,"path":"C:\\Program Files\\Mozilla Firefox\\browser\\features\\webcompat@mozilla.org.xpi","skinnable":false,"sourceURI":null,"releaseNotesURI":null,"softDisabled":false,"foreignInstall":false,"strictCompatibility":true,"locales":[],"targetApplications":[{"id":"toolkit@mozilla.org","minVersion":"59.0b5","maxVersion":null}],"targetPlatforms":[],"seen":true,"dependencies":[],"userPermissions":{"permissions":["webRequest","webRequestBlocking"],"origins":["<all_urls>"]},"icons":{},"iconURL":null,"blocklistState":0,"blocklistURL":null,"startupData":null,"hidden":true,"installTelemetryInfo":null,"location":"app-system-defaults"}
1557043282198	addons.xpi-utils	DEBUG	Updating add-on states
1557043282200	addons.xpi	DEBUG	Calling bootstrap method startup on formautofill@mozilla.org version 1.0
1557043282202	addons.xpi	DEBUG	Calling bootstrap method startup on screenshots@mozilla.org version 35.0.0
1557043282203	addons.xpi	DEBUG	Calling bootstrap method startup on webcompat@mozilla.org version 3.0.2
1557043282205	addons.manager	DEBUG	Registering shutdown blocker for XPIProvider
1557043282205	addons.manager	DEBUG	Provider finished startup: XPIProvider
1557043282205	addons.manager	DEBUG	Starting provider: LightweightThemeManager
1557043282205	addons.manager	DEBUG	Registering shutdown blocker for LightweightThemeManager
1557043282206	addons.manager	DEBUG	Provider finished startup: LightweightThemeManager
1557043282206	addons.manager	DEBUG	Starting provider: GMPProvider
1557043282210	addons.manager	DEBUG	Registering shutdown blocker for GMPProvider
1557043282210	addons.manager	DEBUG	Provider finished startup: GMPProvider
1557043282210	addons.manager	DEBUG	Starting provider: PluginProvider
1557043282210	addons.manager	DEBUG	Registering shutdown blocker for PluginProvider
1557043282210	addons.manager	DEBUG	Provider finished startup: PluginProvider
1557043282215	addons.manager	DEBUG	Completed startup sequence
1557043282638	addons.xpi-utils	DEBUG	XPI Database saved, setting schema version preference to 28
1557043282899	addons.repository	DEBUG	No addons.json found.
1557043283547	addons.manager	DEBUG	Registering upgrade listener for formautofill@mozilla.org
1557043283617	addons.xpi	DEBUG	Ignoring file: name is not a valid add-on ID: C:\Users\admin\AppData\Local\Temp\anonymous2831168223817640681webdriver-profile\extensions\webdriver-staging
1557043283617	addons.xpi	DEBUG	Existing add-on formautofill@mozilla.org in app-system-defaults
1557043283618	addons.xpi	DEBUG	Existing add-on screenshots@mozilla.org in app-system-defaults
1557043283618	addons.xpi	DEBUG	Existing add-on webcompat-reporter@mozilla.org in app-system-defaults
1557043283618	addons.xpi	DEBUG	Existing add-on webcompat@mozilla.org in app-system-defaults
1557043283619	addons.xpi	DEBUG	scanForChanges changed: false, state: {}
JavaScript error: resource://gre/modules/addons/XPIProvider.jsm, line 2614: TypeError: addon is null

Build info: version: '2.53.0', revision: '35ae25b', time: '2016-03-15 16:57:40'
System info: host: 'admin-PC', ip: '169.254.203.218', os.name: 'Windows 7', os.arch: 'amd64', os.version: '6.1', java.version: '1.8.0_121'
Driver info: driver.version: FirefoxDriver
	at org.openqa.selenium.firefox.internal.NewProfileExtensionConnection.start(NewProfileExtensionConnection.java:124)
	at org.openqa.selenium.firefox.FirefoxDriver.startClient(FirefoxDriver.java:271)
	at org.openqa.selenium.remote.RemoteWebDriver.<init>(RemoteWebDriver.java:119)
	at org.openqa.selenium.firefox.FirefoxDriver.<init>(FirefoxDriver.java:218)
	at org.openqa.selenium.firefox.FirefoxDriver.<init>(FirefoxDriver.java:211)
	at org.openqa.selenium.firefox.FirefoxDriver.<init>(FirefoxDriver.java:207)
	at org.openqa.selenium.firefox.FirefoxDriver.<init>(FirefoxDriver.java:120)
	at ScreenShot.CaptureScreenShotTest.captureScreenShot(CaptureScreenShotTest.java:14)
Caused by: org.openqa.selenium.firefox.NotConnectedException: Unable to connect to host 127.0.0.1 on port 7055 after 45000 ms. Firefox console output:
,"strictCompatibility":true,"locales":[],"targetApplications":[{"id":"toolkit@mozilla.org","minVersion":null,"maxVersion":null}],"targetPlatforms":[],"seen":true,"dependencies":[],"userPermissions":{"permissions":["tabs"],"origins":["<all_urls>"]},"icons":{"16":"icons/lightbulb.svg","32":"icons/lightbulb.svg","48":"icons/lightbulb.svg","96":"icons/lightbulb.svg","128":"icons/lightbulb.svg"},"iconURL":null,"blocklistState":0,"blocklistURL":null,"startupData":null,"hidden":true,"installTelemetryInfo":null,"location":"app-system-defaults"}
1557043282197	addons.xpi	DEBUG	Updating XPIState for {"id":"webcompat@mozilla.org","syncGUID":"{b1cb6de8-a5ff-4dd6-9c83-4fad64a96f4f}","version":"3.0.2","type":"extension","loader":null,"updateURL":null,"optionsURL":null,"optionsType":null,"optionsBrowserStyle":true,"aboutURL":null,"defaultLocale":{"name":"Web Compat","description":"Urgent post-release fixes for web compatibility.","creator":null,"developers":null,"translators":null,"contributors":null},"visible":true,"active":true,"userDisabled":false,"appDisabled":false,"installDate":1553933353554,"updateDate":1553933353554,"applyBackgroundUpdates":1,"path":"C:\\Program Files\\Mozilla Firefox\\browser\\features\\webcompat@mozilla.org.xpi","skinnable":false,"sourceURI":null,"releaseNotesURI":null,"softDisabled":false,"foreignInstall":false,"strictCompatibility":true,"locales":[],"targetApplications":[{"id":"toolkit@mozilla.org","minVersion":"59.0b5","maxVersion":null}],"targetPlatforms":[],"seen":true,"dependencies":[],"userPermissions":{"permissions":["webRequest","webRequestBlocking"],"origins":["<all_urls>"]},"icons":{},"iconURL":null,"blocklistState":0,"blocklistURL":null,"startupData":null,"hidden":true,"installTelemetryInfo":null,"location":"app-system-defaults"}
1557043282198	addons.xpi-utils	DEBUG	Updating add-on states
1557043282200	addons.xpi	DEBUG	Calling bootstrap method startup on formautofill@mozilla.org version 1.0
1557043282202	addons.xpi	DEBUG	Calling bootstrap method startup on screenshots@mozilla.org version 35.0.0
1557043282203	addons.xpi	DEBUG	Calling bootstrap method startup on webcompat@mozilla.org version 3.0.2
1557043282205	addons.manager	DEBUG	Registering shutdown blocker for XPIProvider
1557043282205	addons.manager	DEBUG	Provider finished startup: XPIProvider
1557043282205	addons.manager	DEBUG	Starting provider: LightweightThemeManager
1557043282205	addons.manager	DEBUG	Registering shutdown blocker for LightweightThemeManager
1557043282206	addons.manager	DEBUG	Provider finished startup: LightweightThemeManager
1557043282206	addons.manager	DEBUG	Starting provider: GMPProvider
1557043282210	addons.manager	DEBUG	Registering shutdown blocker for GMPProvider
1557043282210	addons.manager	DEBUG	Provider finished startup: GMPProvider
1557043282210	addons.manager	DEBUG	Starting provider: PluginProvider
1557043282210	addons.manager	DEBUG	Registering shutdown blocker for PluginProvider
1557043282210	addons.manager	DEBUG	Provider finished startup: PluginProvider
1557043282215	addons.manager	DEBUG	Completed startup sequence
1557043282638	addons.xpi-utils	DEBUG	XPI Database saved, setting schema version preference to 28
1557043282899	addons.repository	DEBUG	No addons.json found.
1557043283547	addons.manager	DEBUG	Registering upgrade listener for formautofill@mozilla.org
1557043283617	addons.xpi	DEBUG	Ignoring file: name is not a valid add-on ID: C:\Users\admin\AppData\Local\Temp\anonymous2831168223817640681webdriver-profile\extensions\webdriver-staging
1557043283617	addons.xpi	DEBUG	Existing add-on formautofill@mozilla.org in app-system-defaults
1557043283618	addons.xpi	DEBUG	Existing add-on screenshots@mozilla.org in app-system-defaults
1557043283618	addons.xpi	DEBUG	Existing add-on webcompat-reporter@mozilla.org in app-system-defaults
1557043283618	addons.xpi	DEBUG	Existing add-on webcompat@mozilla.org in app-system-defaults
1557043283619	addons.xpi	DEBUG	scanForChanges changed: false, state: {}
JavaScript error: resource://gre/modules/addons/XPIProvider.jsm, line 2614: TypeError: addon is null

	at org.openqa.selenium.firefox.internal.NewProfileExtensionConnection.start(NewProfileExtensionConnection.java:112)
	... 32 more
... Removed 25 stack frames]]>
    </failure>
  </testcase> <!-- captureScreenShot -->
</testsuite> <!-- Test -->
