<?xml version="1.0" encoding="UTF-8"?>
<!-- Generated by org.testng.reporters.JUnitXMLReporter -->
<testsuite hostname="admin-PC" ignored="3" name="Test2" tests="1" failures="0" timestamp="19 Jul 2017 14:13:03 GMT" time="0.006" errors="0">
  <testcase name="testFour" time="0.001" classname="com.testng.ex.TestBelongsToSingleGroup"/>
  <testcase name="testTwo" time="0.0" classname="com.testng.ex.TestBelongsToSingleGroup">
    <ignored/>
  </testcase> <!-- testTwo -->
  <testcase name="testOne" time="0.0" classname="com.testng.ex.TestBelongsToSingleGroup">
    <ignored/>
  </testcase> <!-- testOne -->
  <testcase name="testThree" time="0.0" classname="com.testng.ex.TestBelongsToSingleGroup">
    <ignored/>
  </testcase> <!-- testThree -->
</testsuite> <!-- Test2 -->
