<?xml version="1.0" encoding="UTF-8"?>
<!-- Generated by org.testng.reporters.JUnitXMLReporter -->
<testsuite hostname="admin-PC" ignored="1" name="Test1" tests="3" failures="0" timestamp="19 Jul 2017 14:13:03 GMT" time="0.042" errors="0">
  <testcase name="testFour" time="0.01" classname="com.testng.ex.TestBelongsToSingleGroup"/>
  <testcase name="testOne" time="0.002" classname="com.testng.ex.TestBelongsToSingleGroup"/>
  <testcase name="testThree" time="0.003" classname="com.testng.ex.TestBelongsToSingleGroup"/>
  <testcase name="testTwo" time="0.0" classname="com.testng.ex.TestBelongsToSingleGroup">
    <ignored/>
  </testcase> <!-- testTwo -->
</testsuite> <!-- Test1 -->
