<?xml version="1.0" encoding="UTF-8"?>
<!-- Generated by org.testng.reporters.JUnitXMLReporter -->
<testsuite hostname="admin-PC" ignored="0" name="test1" tests="5" failures="0" timestamp="01 Feb 2017 06:41:16 GMT" time="0.055" errors="0">
  <testcase name="test1" time="0.012" classname="com.testng.ex.FirstScript"/>
  <testcase name="test2" time="0.002" classname="com.testng.ex.FirstScript"/>
  <testcase name="test3" time="0.002" classname="com.testng.ex.FirstScript"/>
  <testcase name="test4" time="0.004" classname="com.testng.ex.FirstScript"/>
  <testcase name="test5" time="0.002" classname="com.testng.ex.FirstScript"/>
</testsuite> <!-- test1 -->
