<?xml version="1.0" encoding="UTF-8"?>
<!-- Generated by org.testng.reporters.JUnitXMLReporter -->
<testsuite hostname="admin-PC" ignored="0" name="DEMO_REPORT" tests="6" failures="1" timestamp="02 Feb 2017 09:43:38 GMT" time="0.069" errors="0">
  <testcase name="test1" time="0.012" classname="com.testng.ex.ReportDemo"/>
  <testcase name="test11" time="0.001" classname="com.testng.ex.ReportDemo"/>
  <testcase name="test12" time="0.001" classname="com.testng.ex.ReportDemo"/>
  <testcase name="test122" time="0.001" classname="com.testng.ex.ReportDemo"/>
  <testcase name="test2" time="0.003" classname="com.testng.ex.ReportDemo">
    <failure type="java.lang.AssertionError" message="expected [true] but found [false]">
      <![CDATA[java.lang.AssertionError: expected [true] but found [false]
	at com.testng.ex.ReportDemo.test2(ReportDemo.java:30)
... Removed 29 stack frames]]>
    </failure>
  </testcase> <!-- test2 -->
  <testcase name="test3" time="0.0" classname="com.testng.ex.ReportDemo">
    <skipped/>
  </testcase> <!-- test3 -->
</testsuite> <!-- DEMO_REPORT -->
