<?xml version="1.0" encoding="UTF-8"?>
<!-- Generated by org.testng.reporters.JUnitXMLReporter -->
<testsuite hostname="admin-PC" ignored="0" name="Test" tests="3" failures="1" timestamp="28 Apr 2019 07:04:00 GMT" time="0.058" errors="0">
  <testcase name="TestOne" time="0.016" classname="com.testng.ex.CustomReporterTestNG"/>
  <testcase name="TestTwo" time="0.002" classname="com.testng.ex.CustomReporterTestNG"/>
  <testcase name="TestThree" time="0.003" classname="com.testng.ex.CustomReporterTestNG">
    <failure type="java.lang.AssertionError" message="expected [true] but found [false]">
      <![CDATA[java.lang.AssertionError: expected [true] but found [false]
	at com.testng.ex.CustomReporterTestNG.TestThree(CustomReporterTestNG.java:26)
... Removed 29 stack frames]]>
    </failure>
  </testcase> <!-- TestThree -->
</testsuite> <!-- Test -->
